This is pdfTeX, Version 3.14159265-2.6-1.40.17 (MiKTeX 2.9.6210 64-bit) (preloaded format=pdflatex 2017.3.20)  31 MAR 2017 01:30
entering extended mode
**C:/Study/__SPRING_17/AI/HW2/Report/report.tex
(C:/Study/__SPRING_17/AI/HW2/Report/report.tex
LaTeX2e <2017/01/01> patch level 1
Babel <3.9r> and hyphenation patterns for 75 language(s) loaded.
("C:\Program Files\MiKTeX 2.9\tex\latex\base\article.cls"
Document Class: article 2014/09/29 v1.4h Standard LaTeX document class
("C:\Program Files\MiKTeX 2.9\tex\latex\base\size10.clo"
File: size10.clo 2014/09/29 v1.4h Standard LaTeX file (size option)
)
\c@part=\count79
\c@section=\count80
\c@subsection=\count81
\c@subsubsection=\count82
\c@paragraph=\count83
\c@subparagraph=\count84
\c@figure=\count85
\c@table=\count86
\abovecaptionskip=\skip41
\belowcaptionskip=\skip42
\bibindent=\dimen102
)
("C:\Program Files\MiKTeX 2.9\tex\latex\geometry\geometry.sty"
Package: geometry 2010/09/12 v5.6 Page Geometry

("C:\Program Files\MiKTeX 2.9\tex\latex\graphics\keyval.sty"
Package: keyval 2014/10/28 v1.15 key=value parser (DPC)
\KV@toks@=\toks14
)
("C:\Program Files\MiKTeX 2.9\tex\generic\oberdiek\ifpdf.sty"
Package: ifpdf 2016/05/14 v3.1 Provides the ifpdf switch
)
("C:\Program Files\MiKTeX 2.9\tex\generic\oberdiek\ifvtex.sty"
Package: ifvtex 2016/05/16 v1.6 Detect VTeX and its facilities (HO)
Package ifvtex Info: VTeX not detected.
)
("C:\Program Files\MiKTeX 2.9\tex\generic\ifxetex\ifxetex.sty"
Package: ifxetex 2010/09/12 v0.6 Provides ifxetex conditional
)
\Gm@cnth=\count87
\Gm@cntv=\count88
\c@Gm@tempcnt=\count89
\Gm@bindingoffset=\dimen103
\Gm@wd@mp=\dimen104
\Gm@odd@mp=\dimen105
\Gm@even@mp=\dimen106
\Gm@layoutwidth=\dimen107
\Gm@layoutheight=\dimen108
\Gm@layouthoffset=\dimen109
\Gm@layoutvoffset=\dimen110
\Gm@dimlist=\toks15

("C:\Program Files\MiKTeX 2.9\tex\latex\geometry\geometry.cfg"))
("C:\Program Files\MiKTeX 2.9\tex\latex\multirow\multirow.sty"
Package: multirow 2016/11/25 v2.2 Span multiple rows of a table
\multirow@colwidth=\skip43
\multirow@cntb=\count90
\multirow@dima=\skip44
\bigstrutjot=\dimen111
)
("C:\Program Files\MiKTeX 2.9\tex\latex\amsfonts\amssymb.sty"
Package: amssymb 2013/01/14 v3.01 AMS font symbols

("C:\Program Files\MiKTeX 2.9\tex\latex\amsfonts\amsfonts.sty"
Package: amsfonts 2013/01/14 v3.01 Basic AMSFonts support
\@emptytoks=\toks16
\symAMSa=\mathgroup4
\symAMSb=\mathgroup5
LaTeX Font Info:    Overwriting math alphabet `\mathfrak' in version `bold'
(Font)                  U/euf/m/n --> U/euf/b/n on input line 106.
))
("C:\Program Files\MiKTeX 2.9\tex\latex\amsmath\amsmath.sty"
Package: amsmath 2016/11/05 v2.16a AMS math features
\@mathmargin=\skip45

For additional information on amsmath, use the `?' option.
("C:\Program Files\MiKTeX 2.9\tex\latex\amsmath\amstext.sty"
Package: amstext 2000/06/29 v2.01 AMS text

("C:\Program Files\MiKTeX 2.9\tex\latex\amsmath\amsgen.sty"
File: amsgen.sty 1999/11/30 v2.0 generic functions
\@emptytoks=\toks17
\ex@=\dimen112
))
("C:\Program Files\MiKTeX 2.9\tex\latex\amsmath\amsbsy.sty"
Package: amsbsy 1999/11/29 v1.2d Bold Symbols
\pmbraise@=\dimen113
)
("C:\Program Files\MiKTeX 2.9\tex\latex\amsmath\amsopn.sty"
Package: amsopn 2016/03/08 v2.02 operator names
)
\inf@bad=\count91
LaTeX Info: Redefining \frac on input line 213.
\uproot@=\count92
\leftroot@=\count93
LaTeX Info: Redefining \overline on input line 375.
\classnum@=\count94
\DOTSCASE@=\count95
LaTeX Info: Redefining \ldots on input line 472.
LaTeX Info: Redefining \dots on input line 475.
LaTeX Info: Redefining \cdots on input line 596.
\Mathstrutbox@=\box26
\strutbox@=\box27
\big@size=\dimen114
LaTeX Font Info:    Redeclaring font encoding OML on input line 712.
LaTeX Font Info:    Redeclaring font encoding OMS on input line 713.
\macc@depth=\count96
\c@MaxMatrixCols=\count97
\dotsspace@=\muskip10
\c@parentequation=\count98
\dspbrk@lvl=\count99
\tag@help=\toks18
\row@=\count100
\column@=\count101
\maxfields@=\count102
\andhelp@=\toks19
\eqnshift@=\dimen115
\alignsep@=\dimen116
\tagshift@=\dimen117
\tagwidth@=\dimen118
\totwidth@=\dimen119
\lineht@=\dimen120
\@envbody=\toks20
\multlinegap=\skip46
\multlinetaggap=\skip47
\mathdisplay@stack=\toks21
LaTeX Info: Redefining \[ on input line 2817.
LaTeX Info: Redefining \] on input line 2818.
)
("C:\Program Files\MiKTeX 2.9\tex\latex\booktabs\booktabs.sty"
Package: booktabs 2005/04/14 v1.61803 publication quality tables
\heavyrulewidth=\dimen121
\lightrulewidth=\dimen122
\cmidrulewidth=\dimen123
\belowrulesep=\dimen124
\belowbottomsep=\dimen125
\aboverulesep=\dimen126
\abovetopsep=\dimen127
\cmidrulesep=\dimen128
\cmidrulekern=\dimen129
\defaultaddspace=\dimen130
\@cmidla=\count103
\@cmidlb=\count104
\@aboverulesep=\dimen131
\@belowrulesep=\dimen132
\@thisruleclass=\count105
\@lastruleclass=\count106
\@thisrulewidth=\dimen133
)
("C:\Program Files\MiKTeX 2.9\tex\latex\prettyref\prettyref.sty"
Package: prettyref 1998/07/09 v3.0
)
("C:\Program Files\MiKTeX 2.9\tex\latex\tools\indentfirst.sty"
Package: indentfirst 1995/11/23 v1.03 Indent first paragraph (DPC)
)
("C:\Program Files\MiKTeX 2.9\tex\latex\cjk\CJK.sty"
Package: CJK 2015/04/18 4.8.4

("C:\Program Files\MiKTeX 2.9\tex\latex\cjk\mule\MULEenc.sty"
Package: MULEenc 2015/04/18 4.8.4
)
("C:\Program Files\MiKTeX 2.9\tex\latex\cjk\CJK.enc"
File: CJK.enc 2015/04/18 4.8.4
)
LaTeX Info: Redefining \selectfont on input line 755.
\CJK@indent=\box28
)
("C:\Program Files\MiKTeX 2.9\tex\latex\paralist\paralist.sty"
Package: paralist 2017/01/22 v2.7 Extended list environments
\pltopsep=\skip48
\plpartopsep=\skip49
\plitemsep=\skip50
\plparsep=\skip51
\pl@lab=\toks22
)
("C:\Program Files\MiKTeX 2.9\tex\latex\graphics\graphicx.sty"
Package: graphicx 2014/10/28 v1.0g Enhanced LaTeX Graphics (DPC,SPQR)

("C:\Program Files\MiKTeX 2.9\tex\latex\graphics\graphics.sty"
Package: graphics 2016/10/09 v1.0u Standard LaTeX Graphics (DPC,SPQR)

("C:\Program Files\MiKTeX 2.9\tex\latex\graphics\trig.sty"
Package: trig 2016/01/03 v1.10 sin cos tan (DPC)
)
("C:\Program Files\MiKTeX 2.9\tex\latex\graphics-cfg\graphics.cfg"
File: graphics.cfg 2016/06/04 v1.11 sample graphics configuration
)
Package graphics Info: Driver file: pdftex.def on input line 99.

("C:\Program Files\MiKTeX 2.9\tex\latex\graphics-def\pdftex.def"
File: pdftex.def 2017/01/12 v0.06k Graphics/color for pdfTeX

("C:\Program Files\MiKTeX 2.9\tex\generic\oberdiek\infwarerr.sty"
Package: infwarerr 2016/05/16 v1.4 Providing info/warning/error messages (HO)
)
("C:\Program Files\MiKTeX 2.9\tex\generic\oberdiek\ltxcmds.sty"
Package: ltxcmds 2016/05/16 v1.23 LaTeX kernel commands for general use (HO)
)
\Gread@gobject=\count107
))
\Gin@req@height=\dimen134
\Gin@req@width=\dimen135
)
("C:\Program Files\MiKTeX 2.9\tex\latex\cjk\UTF8\UTF8.bdg"
File: UTF8.bdg 2015/04/18 4.8.4
)
("C:\Program Files\MiKTeX 2.9\tex\latex\cjk\UTF8\UTF8.enc"
File: UTF8.enc 2015/04/18 4.8.4
)
("C:\Program Files\MiKTeX 2.9\tex\latex\cjk\UTF8\UTF8.chr"
File: UTF8.chr 2015/04/18 4.8.4
) (report.aux)
\openout1 = `report.aux'.

LaTeX Font Info:    Checking defaults for OML/cmm/m/it on input line 39.
LaTeX Font Info:    ... okay on input line 39.
LaTeX Font Info:    Checking defaults for T1/cmr/m/n on input line 39.
LaTeX Font Info:    ... okay on input line 39.
LaTeX Font Info:    Checking defaults for OT1/cmr/m/n on input line 39.
LaTeX Font Info:    ... okay on input line 39.
LaTeX Font Info:    Checking defaults for OMS/cmsy/m/n on input line 39.
LaTeX Font Info:    ... okay on input line 39.
LaTeX Font Info:    Checking defaults for OMX/cmex/m/n on input line 39.
LaTeX Font Info:    ... okay on input line 39.
LaTeX Font Info:    Checking defaults for U/cmr/m/n on input line 39.
LaTeX Font Info:    ... okay on input line 39.
LaTeX Font Info:    Checking defaults for C00/song/m/n on input line 39.
LaTeX Font Info:    ... okay on input line 39.
LaTeX Font Info:    Checking defaults for C05/song/m/n on input line 39.
LaTeX Font Info:    ... okay on input line 39.
LaTeX Font Info:    Checking defaults for C09/song/m/n on input line 39.
LaTeX Font Info:    ... okay on input line 39.
LaTeX Font Info:    Checking defaults for C10/song/m/n on input line 39.
LaTeX Font Info:    ... okay on input line 39.
LaTeX Font Info:    Checking defaults for C20/song/m/n on input line 39.
LaTeX Font Info:    ... okay on input line 39.
LaTeX Font Info:    Checking defaults for C19/song/m/n on input line 39.
LaTeX Font Info:    ... okay on input line 39.
LaTeX Font Info:    Checking defaults for C40/song/m/n on input line 39.
LaTeX Font Info:    ... okay on input line 39.
LaTeX Font Info:    Checking defaults for C42/song/m/n on input line 39.
LaTeX Font Info:    ... okay on input line 39.
LaTeX Font Info:    Checking defaults for C43/song/m/n on input line 39.
LaTeX Font Info:    ... okay on input line 39.
LaTeX Font Info:    Checking defaults for C50/song/m/n on input line 39.
LaTeX Font Info:    ... okay on input line 39.
LaTeX Font Info:    Checking defaults for C52/song/m/n on input line 39.
LaTeX Font Info:    ... okay on input line 39.
LaTeX Font Info:    Checking defaults for C49/song/m/n on input line 39.
LaTeX Font Info:    ... okay on input line 39.
LaTeX Font Info:    Checking defaults for C60/mj/m/n on input line 39.
LaTeX Font Info:    ... okay on input line 39.
LaTeX Font Info:    Checking defaults for C61/mj/m/n on input line 39.
LaTeX Font Info:    ... okay on input line 39.
LaTeX Font Info:    Checking defaults for C63/mj/m/n on input line 39.
LaTeX Font Info:    ... okay on input line 39.
LaTeX Font Info:    Checking defaults for C64/mj/m/n on input line 39.
LaTeX Font Info:    ... okay on input line 39.
LaTeX Font Info:    Checking defaults for C65/mj/m/n on input line 39.
LaTeX Font Info:    ... okay on input line 39.
LaTeX Font Info:    Checking defaults for C70/song/m/n on input line 39.
LaTeX Font Info:    ... okay on input line 39.
LaTeX Font Info:    Checking defaults for C31/song/m/n on input line 39.
LaTeX Font Info:    ... okay on input line 39.
LaTeX Font Info:    Checking defaults for C32/song/m/n on input line 39.
LaTeX Font Info:    ... okay on input line 39.
LaTeX Font Info:    Checking defaults for C33/song/m/n on input line 39.
LaTeX Font Info:    ... okay on input line 39.
LaTeX Font Info:    Checking defaults for C34/song/m/n on input line 39.
LaTeX Font Info:    ... okay on input line 39.
LaTeX Font Info:    Checking defaults for C35/song/m/n on input line 39.
LaTeX Font Info:    ... okay on input line 39.
LaTeX Font Info:    Checking defaults for C36/song/m/n on input line 39.
LaTeX Font Info:    ... okay on input line 39.
LaTeX Font Info:    Checking defaults for C37/song/m/n on input line 39.
LaTeX Font Info:    ... okay on input line 39.
LaTeX Font Info:    Checking defaults for C80/song/m/n on input line 39.
LaTeX Font Info:    ... okay on input line 39.
LaTeX Font Info:    Checking defaults for C81/song/m/n on input line 39.
LaTeX Font Info:    ... okay on input line 39.
LaTeX Font Info:    Checking defaults for C01/song/m/n on input line 39.
LaTeX Font Info:    ... okay on input line 39.
LaTeX Font Info:    Checking defaults for C11/song/m/n on input line 39.
LaTeX Font Info:    ... okay on input line 39.
LaTeX Font Info:    Checking defaults for C21/song/m/n on input line 39.
LaTeX Font Info:    ... okay on input line 39.
LaTeX Font Info:    Checking defaults for C41/song/m/n on input line 39.
LaTeX Font Info:    ... okay on input line 39.
LaTeX Font Info:    Checking defaults for C62/song/m/n on input line 39.
LaTeX Font Info:    ... okay on input line 39.

*geometry* driver: auto-detecting
*geometry* detected driver: pdftex
*geometry* verbose mode - [ preamble ] result:
* driver: pdftex
* paper: a4paper
* layout: <same size as paper>
* layoutoffset:(h,v)=(0.0pt,0.0pt)
* modes: 
* h-part:(L,W,R)=(99.58464pt, 398.3386pt, 99.58464pt)
* v-part:(T,H,B)=(43.81705pt, 757.41275pt, 43.81705pt)
* \paperwidth=597.50787pt
* \paperheight=845.04684pt
* \textwidth=398.3386pt
* \textheight=757.41275pt
* \oddsidemargin=27.31465pt
* \evensidemargin=27.31465pt
* \topmargin=-65.45294pt
* \headheight=12.0pt
* \headsep=25.0pt
* \topskip=10.0pt
* \footskip=30.0pt
* \marginparwidth=57.0pt
* \marginparsep=11.0pt
* \columnsep=20.20007pt
* \skip\footins=9.0pt plus 4.0pt minus 2.0pt
* \hoffset=0.0pt
* \voffset=0.0pt
* \mag=1000
* \@twocolumnfalse
* \@twosidefalse
* \@mparswitchfalse
* \@reversemarginfalse
* (1in=72.27pt=25.4mm, 1cm=28.453pt)

("C:\Program Files\MiKTeX 2.9\tex\context\base\supp-pdf.mkii"
[Loading MPS to PDF converter (version 2006.09.02).]
\scratchcounter=\count108
\scratchdimen=\dimen136
\scratchbox=\box29
\nofMPsegments=\count109
\nofMParguments=\count110
\everyMPshowfont=\toks23
\MPscratchCnt=\count111
\MPscratchDim=\dimen137
\MPnumerator=\count112
\makeMPintoPDFobject=\count113
\everyMPtoPDFconversion=\toks24
) ("C:\Program Files\MiKTeX 2.9\tex\generic\oberdiek\pdftexcmds.sty"
Package: pdftexcmds 2016/05/21 v0.22 Utility functions of pdfTeX for LuaTeX (HO
)

("C:\Program Files\MiKTeX 2.9\tex\generic\oberdiek\ifluatex.sty"
Package: ifluatex 2016/05/16 v1.4 Provides the ifluatex switch (HO)
Package ifluatex Info: LuaTeX not detected.
)
Package pdftexcmds Info: LuaTeX not detected.
Package pdftexcmds Info: \pdf@primitive is available.
Package pdftexcmds Info: \pdf@ifprimitive is available.
Package pdftexcmds Info: \pdfdraftmode found.
)
("C:\Program Files\MiKTeX 2.9\tex\latex\oberdiek\epstopdf-base.sty"
Package: epstopdf-base 2016/05/15 v2.6 Base part for package epstopdf

("C:\Program Files\MiKTeX 2.9\tex\latex\oberdiek\grfext.sty"
Package: grfext 2016/05/16 v1.2 Manage graphics extensions (HO)

("C:\Program Files\MiKTeX 2.9\tex\generic\oberdiek\kvdefinekeys.sty"
Package: kvdefinekeys 2016/05/16 v1.4 Define keys (HO)
))
("C:\Program Files\MiKTeX 2.9\tex\latex\oberdiek\kvoptions.sty"
Package: kvoptions 2016/05/16 v3.12 Key value format for package options (HO)

("C:\Program Files\MiKTeX 2.9\tex\generic\oberdiek\kvsetkeys.sty"
Package: kvsetkeys 2016/05/16 v1.17 Key value parser (HO)

("C:\Program Files\MiKTeX 2.9\tex\generic\oberdiek\etexcmds.sty"
Package: etexcmds 2016/05/16 v1.6 Avoid name clashes with e-TeX commands (HO)
Package etexcmds Info: Could not find \expanded.
(etexcmds)             That can mean that you are not using pdfTeX 1.50 or
(etexcmds)             that some package has redefined \expanded.
(etexcmds)             In the latter case, load this package earlier.
)))
Package epstopdf-base Info: Redefining graphics rule for `.eps' on input line 4
38.
Package grfext Info: Graphics extension search list:
(grfext)             [.png,.pdf,.jpg,.mps,.jpeg,.jbig2,.jb2,.PNG,.PDF,.JPG,.JPE
G,.JBIG2,.JB2,.eps]
(grfext)             \AppendGraphicsExtensions on input line 456.
)
LaTeX Font Info:    Try loading font information for C70+hei on input line 43.

("C:\Program Files\MiKTeX 2.9\tex\latex\zhmetrics\c70hei.fd"
File: c70hei.fd 2009/09/23 4.8.2
)
LaTeX Font Info:    Try loading font information for U+msa on input line 43.

("C:\Program Files\MiKTeX 2.9\tex\latex\amsfonts\umsa.fd"
File: umsa.fd 2013/01/14 v3.01 AMS symbols A
)
LaTeX Font Info:    Try loading font information for U+msb on input line 43.

("C:\Program Files\MiKTeX 2.9\tex\latex\amsfonts\umsb.fd"
File: umsb.fd 2013/01/14 v3.01 AMS symbols B
)
LaTeX Font Info:    Try loading font information for C70+song on input line 43.


("C:\Program Files\MiKTeX 2.9\tex\latex\cjk\UTF8\c70song.fd"
File: c70song.fd 2015/04/18 4.8.4
) [1

{C:/Users/K/AppData/Local/MiKTeX/2.9/pdftex/config/pdftex.map}]
<q1.png, id=21, 515.526pt x 351.714pt>
File: q1.png Graphic file (type png)
 <use q1.png>
Package pdftex.def Info: q1.png used on input line 66.
(pdftex.def)             Requested size: 278.83578pt x 190.23936pt.
 [2 <./q1.png>]
Underfull \hbox (badness 10000) in paragraph at lines 93--94

 []

<q5.png, id=94, 611.28375pt x 411.33675pt>
File: q5.png Graphic file (type png)
 <use q5.png>
Package pdftex.def Info: q5.png used on input line 95.
(pdftex.def)             Requested size: 358.50229pt x 241.23671pt.
LaTeX Font Info:    Try loading font information for OMS+cmr on input line 100.


("C:\Program Files\MiKTeX 2.9\tex\latex\base\omscmr.fd"
File: omscmr.fd 2014/09/29 v2.5h Standard LaTeX font definitions
)
LaTeX Font Info:    Font shape `OMS/cmr/m/n' in size <10> not available
(Font)              Font shape `OMS/cmsy/m/n' tried instead on input line 100.


! LaTeX Error: There's no line here to end.

See the LaTeX manual or LaTeX Companion for explanation.
Type  H <return>  for immediate help.
 ...                                              
                                                  
l.107 ...State\ Score + Average(Food\ Distance)}\\
                                                  
Your command was ignored.
Type  I <command> <return>  to replace it with another command,
or  <return>  to continue without it.

! Missing $ inserted.
<inserted text> 
                $
l.107 ...State\ Score + Average(Food\ Distance)}\\
                                                  
I've inserted a begin-math/end-math symbol since I think
you left one out. Proceed, with fingers crossed.

! Missing } inserted.
<inserted text> 
                }
l.107 ...State\ Score + Average(Food\ Distance)}\\
                                                  
I've inserted something that you may have forgotten.
(See the <inserted text> above.)
With luck, this will get me unwedged. But if you
really didn't forget anything, try typing `2' now; then
my insertion and my current dilemma will both disappear.

! Display math should end with $$.
<to be read again> 
                   \@@par 
l.107 ...State\ Score + Average(Food\ Distance)}\\
                                                  
The `$' that I just saw supposedly matches a previous `$$'.
So I shall assume that you typed `$$' both times.

! Extra }, or forgotten \endgroup.
\par ...m \@noitemerr {\@@par }\fi \else {\@@par }
                                                  \fi 
l.107 ...State\ Score + Average(Food\ Distance)}\\
                                                  
I've deleted a group-closing symbol because it seems to be
spurious, as in `$x}$'. But perhaps the } is legitimate and
you forgot something else, as in `\hbox{$x}'. In such cases
the way to recover is to insert both the forgotten and the
deleted material, e.g., by typing `I$}'.


! LaTeX Error: \mathrm allowed only in math mode.

See the LaTeX manual or LaTeX Companion for explanation.
Type  H <return>  for immediate help.
 ...                                              
                                                  
l.108 			\mathrm
                { + Sum(Capsule\ Distance) * weight + Ghost\ Score}
You're in trouble here.  Try typing  <return>  to proceed.
If that doesn't work, type  X <return>  to quit.


! LaTeX Error: Bad math environment delimiter.

See the LaTeX manual or LaTeX Companion for explanation.
Type  H <return>  for immediate help.
 ...                                              
                                                  
l.109 		\end{equation}
                      
Your command was ignored.
Type  I <command> <return>  to replace it with another command,
or  <return>  to continue without it.

! You can't use `\eqno' in horizontal mode.
\endmathdisplay@a ...\df@tag \@empty \else \veqno 
                                                  \alt@tag \df@tag \fi \ifx ...
l.109 		\end{equation}
                      
Sorry, but I'm not programmed to handle this case;
I'll just pretend that you didn't ask for it.
If you're in the wrong mode, you might be able to
return to the right one by typing `I}' or `I$' or `I\par'.

! Missing $ inserted.
<inserted text> 
                $
l.109 		\end{equation}
                      
I've inserted something that you may have forgotten.
(See the <inserted text> above.)
With luck, this will get me unwedged. But if you
really didn't forget anything, try typing `2' now; then
my insertion and my current dilemma will both disappear.

! Display math should end with $$.
<to be read again> 
                   \endgroup 
l.109 		\end{equation}
                      
The `$' that I just saw supposedly matches a previous `$$'.
So I shall assume that you typed `$$' both times.

[3

 <./q5.png>] (report.aux) ) 
Here is how much of TeX's memory you used:
 4573 strings out of 493333
 60584 string characters out of 3139206
 137244 words of memory out of 3000000
 7937 multiletter control sequences out of 15000+200000
 32693 words of font info for 124 fonts, out of 3000000 for 9000
 1141 hyphenation exceptions out of 8191
 39i,6n,31p,277b,1081s stack positions out of 5000i,500n,10000p,200000b,50000s
 <C:\Users\K\AppData\Local\MiKTeX\2.9\fonts\pk\model
ess\zhmetrics\cyberb\dpi600\cyberb8c.pk> <C:\Users\K\AppData\Local\MiKTeX\2.9\f
onts\pk\modeless\zhmetrics\cyberb\dpi600\cyberb5d.pk> <C:\Users\K\AppData\Local
\MiKTeX\2.9\fonts\pk\modeless\zhmetrics\cyberb\dpi600\cyberb81.pk> <C:\Users\K\
AppData\Local\MiKTeX\2.9\fonts\pk\modeless\zhmetrics\cyberb\dpi600\cyberb6d.pk>
 <C:\Users\K\AppData\Local\MiKTeX\2.9\fonts\pk\modeless\zhmetrics\cyberb\dpi600
\cyberb61.pk> <C:\Users\K\AppData\Local\MiKTeX\2.9\fonts\pk\modeless\zhmetrics\
cyberb\dpi600\cyberb6e.pk> <C:\Users\K\AppData\Local\MiKTeX\2.9\fonts\pk\modele
ss\zhmetrics\cyberb\dpi600\cyberb7c.pk> <C:\Users\K\AppData\Local\MiKTeX\2.9\fo
nts\pk\modeless\zhmetrics\cyberb\dpi600\cyberb9a.pk> <C:\Users\K\AppData\Local\
MiKTeX\2.9\fonts\pk\modeless\zhmetrics\cyberb\dpi600\cyberb5e.pk> <C:\Users\K\A
ppData\Local\MiKTeX\2.9\fonts\pk\modeless\zhmetrics\cyberb\dpi600\cyberb70.pk> 
<C:\Users\K\AppData\Local\MiKTeX\2.9\fonts\pk\modeless\zhmetrics\cyberb\dpi600\
cyberb6c.pk> <C:\Users\K\AppData\Local\MiKTeX\2.9\fonts\pk\modeless\zhmetrics\c
yberb\dpi600\cyberb73.pk> <C:\Users\K\AppData\Local\MiKTeX\2.9\fonts\pk\modeles
s\zhmetrics\cyberb\dpi600\cyberb8b.pk> <C:\Users\K\AppData\Local\MiKTeX\2.9\fon
ts\pk\modeless\zhmetrics\cyberb\dpi600\cyberb71.pk> <C:\Users\K\AppData\Local\M
iKTeX\2.9\fonts\pk\modeless\zhmetrics\cyberb\dpi600\cyberb78.pk> <C:\Users\K\Ap
pData\Local\MiKTeX\2.9\fonts\pk\modeless\zhmetrics\cyberb\dpi600\cyberb4f.pk> <
C:\Users\K\AppData\Local\MiKTeX\2.9\fonts\pk\modeless\zhmetrics\cyberb\dpi600\c
yberb74.pk> <C:\Users\K\AppData\Local\MiKTeX\2.9\fonts\pk\modeless\zhmetrics\cy
berb\dpi600\cyberb63.pk> <C:\Users\K\AppData\Local\MiKTeX\2.9\fonts\pk\modeless
\zhmetrics\cyberb\dpi600\cyberb5c.pk> <C:\Users\K\AppData\Local\MiKTeX\2.9\font
s\pk\modeless\zhmetrics\cyberb\dpi600\cyberb7e.pk> <C:\Users\K\AppData\Local\Mi
KTeX\2.9\fonts\pk\modeless\zhmetrics\cyberb\dpi600\cyberb64.pk> <C:\Users\K\App
Data\Local\MiKTeX\2.9\fonts\pk\modeless\zhmetrics\cyberb\dpi600\cyberb6b.pk> <C
:\Users\K\AppData\Local\MiKTeX\2.9\fonts\pk\modeless\zhmetrics\cyberb\dpi600\cy
berb96.pk> <C:\Users\K\AppData\Local\MiKTeX\2.9\fonts\pk\modeless\zhmetrics\cyb
erb\dpi600\cyberb5b.pk> <C:\Users\K\AppData\Local\MiKTeX\2.9\fonts\pk\modeless\
zhmetrics\cyberb\dpi600\cyberb91.pk> <C:\Users\K\AppData\Local\MiKTeX\2.9\fonts
\pk\modeless\zhmetrics\cyberb\dpi600\cyberb88.pk> <C:\Users\K\AppData\Local\MiK
TeX\2.9\fonts\pk\modeless\zhmetrics\cyberb\dpi600\cyberb67.pk> <C:\Users\K\AppD
ata\Local\MiKTeX\2.9\fonts\pk\modeless\zhmetrics\cyberb\dpi600\cyberb75.pk> <C:
\Users\K\AppData\Local\MiKTeX\2.9\fonts\pk\modeless\zhmetrics\cyberb\dpi600\cyb
erb50.pk> <C:\Users\K\AppData\Local\MiKTeX\2.9\fonts\pk\modeless\zhmetrics\cybe
rb\dpi600\cyberb79.pk> <C:\Users\K\AppData\Local\MiKTeX\2.9\fonts\pk\modeless\z
hmetrics\cyberb\dpi600\cyberb7d.pk> <C:\Users\K\AppData\Local\MiKTeX\2.9\fonts\
pk\modeless\zhmetrics\cyberb\dpi600\cyberb56.pk> <C:\Users\K\AppData\Local\MiKT
eX\2.9\fonts\pk\modeless\zhmetrics\cyberb\dpi600\cyberb86.pk> <C:\Users\K\AppDa
ta\Local\MiKTeX\2.9\fonts\pk\modeless\zhmetrics\cyberb\dpi600\cyberb80.pk> <C:\
Users\K\AppData\Local\MiKTeX\2.9\fonts\pk\modeless\zhmetrics\cyberb\dpi600\cybe
rb53.pk> <C:\Users\K\AppData\Local\MiKTeX\2.9\fonts\pk\modeless\zhmetrics\cyber
b\dpi600\cyberb54.pk> <C:\Users\K\AppData\Local\MiKTeX\2.9\fonts\pk\modeless\zh
metrics\cyberb\dpi600\cyberb90.pk> <C:\Users\K\AppData\Local\MiKTeX\2.9\fonts\p
k\modeless\zhmetrics\cyberb\dpi600\cyberb68.pk> <C:\Users\K\AppData\Local\MiKTe
X\2.9\fonts\pk\modeless\zhmetrics\cyberb\dpi600\cyberb8d.pk> <C:\Users\K\AppDat
a\Local\MiKTeX\2.9\fonts\pk\modeless\zhmetrics\cyberb\dpi600\cyberb30.pk> <C:\U
sers\K\AppData\Local\MiKTeX\2.9\fonts\pk\modeless\zhmetrics\cyberb\dpi600\cyber
b62.pk> <C:\Users\K\AppData\Local\MiKTeX\2.9\fonts\pk\modeless\zhmetrics\cyberb
\dpi600\cyberb60.pk> <C:\Users\K\AppData\Local\MiKTeX\2.9\fonts\pk\modeless\zhm
etrics\cyberb\dpi600\cyberb72.pk> <C:\Users\K\AppData\Local\MiKTeX\2.9\fonts\pk
\modeless\zhmetrics\cyberb\dpi600\cyberb52.pk> <C:\Users\K\AppData\Local\MiKTeX
\2.9\fonts\pk\modeless\zhmetrics\cyberb\dpi600\cyberb5f.pk> <C:\Users\K\AppData
\Local\MiKTeX\2.9\fonts\pk\modeless\zhmetrics\cyberb\dpi600\cyberb66.pk> <C:\Us
ers\K\AppData\Local\MiKTeX\2.9\fonts\pk\modeless\zhmetrics\cyberb\dpi600\cyberb
65.pk> <C:\Users\K\AppData\Local\MiKTeX\2.9\fonts\pk\modeless\zhmetrics\cyberb\
dpi600\cyberb8f.pk> <C:\Users\K\AppData\Local\MiKTeX\2.9\fonts\pk\modeless\zhme
trics\cyberb\dpi600\cyberb76.pk> <C:\Users\K\AppData\Local\MiKTeX\2.9\fonts\pk\
modeless\zhmetrics\cyberb\dpi600\cyberb59.pk> <C:\Users\K\AppData\Local\MiKTeX\
2.9\fonts\pk\modeless\zhmetrics\cyberb\dpi600\cyberb7f.pk> <C:\Users\K\AppData\
Local\MiKTeX\2.9\fonts\pk\modeless\zhmetrics\cyberb\dpi600\cyberb51.pk> <C:\Use
rs\K\AppData\Local\MiKTeX\2.9\fonts\pk\modeless\zhmetrics\cyberb\dpi600\cyberb5
8.pk> <C:\Users\K\AppData\Local\MiKTeX\2.9\fonts\pk\modeless\zhmetrics\cyberb\d
pi600\cyberb89.pk> <C:\Users\K\AppData\Local\MiKTeX\2.9\fonts\pk\modeless\zhmet
rics\cyberb\dpi600\cyberb97.pk> <C:\Users\K\AppData\Local\MiKTeX\2.9\fonts\pk\m
odeless\zhmetrics\cyberb\dpi600\cyberbff.pk> <C:\Users\K\AppData\Local\MiKTeX\2
.9\fonts\pk\modeless\zhmetrics\cyberb\dpi600\cyberb98.pk> <C:\Users\K\AppData\L
ocal\MiKTeX\2.9\fonts\pk\modeless\zhmetrics\cyberb\dpi600\cyberb95.pk> <C:\User
s\K\AppData\Local\MiKTeX\2.9\fonts\pk\modeless\zhmetrics\cyberb\dpi600\cyberb4e
.pk> <C:\Users\K\AppData\Local\MiKTeX\2.9\fonts\pk\modeless\zhmetrics\cyberb\dp
i600\cyberb7b.pk> <C:\Users\K\AppData\Local\MiKTeX\2.9\fonts\pk\modeless\zhmetr
ics\cyberb\dpi600\cyberb57.pk> <C:\Users\K\AppData\Local\MiKTeX\2.9\fonts\pk\mo
deless\zhmetrics\cyberb\dpi720\cyberb9e.pk> <C:\Users\K\AppData\Local\MiKTeX\2.
9\fonts\pk\modeless\zhmetrics\cyberb\dpi720\cyberb9a.pk> <C:\Users\K\AppData\Lo
cal\MiKTeX\2.9\fonts\pk\modeless\zhmetrics\unihei\dpi720\unihei4f.pk> <C:\Users
\K\AppData\Local\MiKTeX\2.9\fonts\pk\modeless\zhmetrics\unihei\dpi720\unihei7a.
pk> <C:\Users\K\AppData\Local\MiKTeX\2.9\fonts\pk\modeless\zhmetrics\unihei\dpi
720\unihei8b.pk> <C:\Users\K\AppData\Local\MiKTeX\2.9\fonts\pk\modeless\zhmetri
cs\unihei\dpi720\unihei6b.pk> <C:\Users\K\AppData\Local\MiKTeX\2.9\fonts\pk\mod
eless\zhmetrics\unihei\dpi720\unihei4e.pk> <C:\Users\K\AppData\Local\MiKTeX\2.9
\fonts\pk\modeless\zhmetrics\unihei\dpi720\unihei7b.pk> <C:\Users\K\AppData\Loc
al\MiKTeX\2.9\fonts\pk\modeless\zhmetrics\unihei\dpi1037\unihei8b.pk> <C:\Users
\K\AppData\Local\MiKTeX\2.9\fonts\pk\modeless\zhmetrics\unihei\dpi1037\unihei5b
.pk> <C:\Users\K\AppData\Local\MiKTeX\2.9\fonts\pk\modeless\zhmetrics\unihei\dp
i1037\unihei80.pk> <C:\Users\K\AppData\Local\MiKTeX\2.9\fonts\pk\modeless\zhmet
rics\unihei\dpi1037\unihei66.pk> <C:\Users\K\AppData\Local\MiKTeX\2.9\fonts\pk\
modeless\zhmetrics\unihei\dpi1037\unihei5d.pk> <C:\Users\K\AppData\Local\MiKTeX
\2.9\fonts\pk\modeless\zhmetrics\unihei\dpi1037\unihei4e.pk><C:/Program Files/M
iKTeX 2.9/fonts/type1/public/amsfonts/cm/cmbx10.pfb><C:/Program Files/MiKTeX 2.
9/fonts/type1/public/amsfonts/cm/cmbx12.pfb><C:/Program Files/MiKTeX 2.9/fonts/
type1/public/amsfonts/cm/cmex10.pfb><C:/Program Files/MiKTeX 2.9/fonts/type1/pu
blic/amsfonts/cm/cmmi10.pfb><C:/Program Files/MiKTeX 2.9/fonts/type1/public/ams
fonts/cm/cmmi12.pfb><C:/Program Files/MiKTeX 2.9/fonts/type1/public/amsfonts/cm
/cmmi7.pfb><C:/Program Files/MiKTeX 2.9/fonts/type1/public/amsfonts/cm/cmr10.pf
b><C:/Program Files/MiKTeX 2.9/fonts/type1/public/amsfonts/cm/cmr12.pfb><C:/Pro
gram Files/MiKTeX 2.9/fonts/type1/public/amsfonts/cm/cmr5.pfb><C:/Program Files
/MiKTeX 2.9/fonts/type1/public/amsfonts/cm/cmr7.pfb><C:/Program Files/MiKTeX 2.
9/fonts/type1/public/amsfonts/cm/cmsy10.pfb><C:/Program Files/MiKTeX 2.9/fonts/
type1/public/amsfonts/cm/cmsy5.pfb><C:/Program Files/MiKTeX 2.9/fonts/type1/pub
lic/amsfonts/cm/cmsy7.pfb>
Output written on report.pdf (3 pages, 421885 bytes).
PDF statistics:
 639 PDF objects out of 1000 (max. 8388607)
 0 named destinations out of 1000 (max. 500000)
 11 words of extra memory for PDF output out of 10000 (max. 10000000)

